{"level":"info","message":"hello"}
{"level":"info","message":"hello world!"}
{"level":"info","message":"1"}
{"level":"info","message":"2"}
{"level":"info","message":"hello world!"}
{"level":"info","message":"1"}
{"level":"info","message":"2"}
{"level":"info","message":"2"}
{"level":"info","message":"2"}
{"level":"info","message":"hello world!"}
{"level":"info","message":"1"}
{"level":"info","message":"as"}
{"level":"info","message":"$2a$10$X0uQrp5nI8l/EWFVTbWC/e5TSYe8veBj02DD95WR.6sPkRXQeIoIu"}
{"level":"info","message":"hello world!"}
{"level":"info","message":"1"}
{"level":"info","message":"qw"}
{"level":"info","message":"$2a$10$WGnqOXcOuEOmUxE99g1rUOINeXN/dJelwNnSzGDLeQan6WQgw8.Im"}
{"level":"info","message":{"RowCtor":null,"_parsers":[null,null,null],"_prebuiltEmptyResultObject":{"id":null,"password":null,"username":null},"_types":{"_types":{"arrayParser":{},"builtins":{"ABSTIME":702,"ACLITEM":1033,"BIT":1560,"BOOL":16,"BPCHAR":1042,"BYTEA":17,"CHAR":18,"CID":29,"CIDR":650,"CIRCLE":718,"DATE":1082,"FLOAT4":700,"FLOAT8":701,"GTSVECTOR":3642,"INET":869,"INT2":21,"INT4":23,"INT8":20,"INTERVAL":1186,"JSON":114,"JSONB":3802,"MACADDR":829,"MACADDR8":774,"MONEY":790,"NUMERIC":1700,"OID":26,"PATH":602,"PG_DEPENDENCIES":3402,"PG_LSN":3220,"PG_NDISTINCT":3361,"PG_NODE_TREE":194,"POLYGON":604,"REFCURSOR":1790,"REGCLASS":2205,"REGCONFIG":3734,"REGDICTIONARY":3769,"REGNAMESPACE":4089,"REGOPER":2203,"REGOPERATOR":2204,"REGPROC":24,"REGPROCEDURE":2202,"REGROLE":4096,"REGTYPE":2206,"RELTIME":703,"SMGR":210,"TEXT":25,"TID":27,"TIME":1083,"TIMESTAMP":1114,"TIMESTAMPTZ":1184,"TIMETZ":1266,"TINTERVAL":704,"TSQUERY":3615,"TSVECTOR":3614,"TXID_SNAPSHOT":2970,"UUID":2950,"VARBIT":1562,"VARCHAR":1043,"XID":28,"XML":142}},"binary":{},"text":{}},"command":"INSERT","fields":[{"columnID":1,"dataTypeID":23,"dataTypeModifier":-1,"dataTypeSize":4,"format":"text","name":"id","tableID":16440},{"columnID":2,"dataTypeID":1043,"dataTypeModifier":54,"dataTypeSize":-1,"format":"text","name":"username","tableID":16440},{"columnID":3,"dataTypeID":1043,"dataTypeModifier":259,"dataTypeSize":-1,"format":"text","name":"password","tableID":16440}],"oid":0,"rowAsArray":false,"rowCount":1,"rows":[{"id":8,"password":"$2a$10$WGnqOXcOuEOmUxE99g1rUOINeXN/dJelwNnSzGDLeQan6WQgw8.Im","username":"qw"}]}}
{"level":"info","message":"hello world!"}
{"level":"info","message":"hello world!"}
{"level":"info","message":"hello world!"}
{"level":"info","message":"hello world!"}
{"level":"info","message":"hello world!"}
{"level":"info","message":"hello world!"}
{"level":"info","message":"hello world!"}
{"level":"info","message":"hello world!"}
{"level":"info","message":"hello world!"}
{"level":"info","message":"hello world!"}
{"level":"info","message":"hello world!"}
{"level":"info","message":"hello world!"}
{"level":"info","message":"hello world!"}
{"level":"info","message":"hello world!"}
{"level":"info","message":"hello world!"}
{"level":"info","message":"qwe"}
{"level":"info","message":"hello world!"}
{"level":"info","message":"qwe"}
{"level":"info","message":"hello world!"}
{"level":"info","message":"qwe"}
{"level":"info","message":"hello world!"}
{"level":"info","message":"qwe"}
{"level":"info","message":"hello world!"}
{"level":"info","message":"qwe"}
{"level":"info"}
{"level":"info"}
{"level":"info","message":"hello world!"}
{"level":"info","message":"qwe"}
{"level":"info","message":"postgres://default:PVEbyHBpj65h@ep-twilight-sea-a4mpwb0v-pooler.us-east-1.aws.neon.tech:5432/verceldb?sslmode=require"}
{"level":"info","message":"6d4aecdc4712722d9ac57da9aaad537605979369d40a68a27539b21007aa3d42"}
{"level":"info","message":"pool query"}
{"level":"info","message":"hello world!"}
{"level":"info","message":"pool query"}
{"level":"info","message":"hello world!"}
{"level":"info","message":"pool query"}
{"level":"info","message":"pool query"}
{"level":"info","message":"pool query"}
{"level":"info","message":"pool query"}
{"level":"info","message":"hello world!"}
{"level":"info","message":"pool query"}
{"level":"info","message":"pool query"}
{"level":"info","message":"pool query"}
{"level":"info","message":"pool query"}
